<?xml version="1.0" encoding="UTF-8"?>
<testsuite name="org.sample.leetcode.algo.KthSmallestNumberTest" tests="1" skipped="0" failures="0" errors="0" timestamp="2023-08-18T10:55:04" hostname="xcadmins-MacBook-Pro.local" time="0.03">
  <properties/>
  <testcase name="whenTreeNodeTest()" classname="org.sample.leetcode.algo.KthSmallestNumberTest" time="0.03"/>
  <system-out><![CDATA[[1, 2, 3, 4]
1
]]></system-out>
  <system-err><![CDATA[]]></system-err>
</testsuite>
